2023-11-16 00:13:35,491 [Worker-5: Loading available Gradle versions] INFO  o.e.b.c.i.u.g.PublishedGradleVersions - Gradle version information cache is up-to-date. Trying to read.
2023-11-16 00:13:52,426 [Worker-6: Importing Maven projects] INFO  o.e.m.c.i.l.LifecycleMappingFactory - Using org.eclipse.m2e.jdt.JarLifecycleMapping lifecycle mapping for MavenProject: com.infy:InfyAcademyDay1_ToTrainee:0.0.1-SNAPSHOT @ C:\Users\Tariq Naseem\Desktop\Java Lex Projects\Project1_Infy Academy\InfyAcademyDay1_ToTrainee\pom.xml.
2023-11-16 00:13:53,035 [Worker-6: Importing Maven projects] INFO  o.e.m.j.i.AbstractJavaProjectConfigurator - Adding source folder /InfyAcademyDay1_ToTrainee/src/main/java
2023-11-16 00:13:53,036 [Worker-6: Importing Maven projects] INFO  o.e.m.j.i.AbstractJavaProjectConfigurator - Adding source folder /InfyAcademyDay1_ToTrainee/src/test/java
2023-11-16 00:13:53,113 [Worker-6: Importing Maven projects] INFO  o.e.m.c.i.p.ProjectConfigurationManager - Imported and configured 1 project(s) in 1 sec
2023-11-16 00:13:53,953 [Worker-1: Building] WARN  o.e.m.c.i.embedder.EclipseLogger - Using platform encoding (Cp1252 actually) to copy filtered resources, i.e. build is platform dependent!
2023-11-16 00:13:53,955 [Worker-1: Building] INFO  o.e.m.c.i.embedder.EclipseLogger - skip non existing resourceDirectory C:\Users\Tariq Naseem\Desktop\Java Lex Projects\Project1_Infy Academy\InfyAcademyDay1_ToTrainee\src\main\resources
2023-11-16 00:13:53,957 [Worker-1: Building] WARN  o.e.m.c.i.embedder.EclipseLogger - Using platform encoding (Cp1252 actually) to copy filtered resources, i.e. build is platform dependent!
2023-11-16 00:13:53,959 [Worker-1: Building] INFO  o.e.m.c.i.embedder.EclipseLogger - skip non existing resourceDirectory C:\Users\Tariq Naseem\Desktop\Java Lex Projects\Project1_Infy Academy\InfyAcademyDay1_ToTrainee\src\test\resources
2023-11-16 00:14:06,150 [Worker-19: Building] WARN  o.e.m.c.i.embedder.EclipseLogger - Using platform encoding (Cp1252 actually) to copy filtered resources, i.e. build is platform dependent!
2023-11-16 00:14:06,152 [Worker-19: Building] INFO  o.e.m.c.i.embedder.EclipseLogger - skip non existing resourceDirectory C:\Users\Tariq Naseem\Desktop\Java Lex Projects\Project1_Infy Academy\InfyAcademyDay1_ToTrainee\src\main\resources
2023-11-16 00:14:06,153 [Worker-19: Building] WARN  o.e.m.c.i.embedder.EclipseLogger - Using platform encoding (Cp1252 actually) to copy filtered resources, i.e. build is platform dependent!
2023-11-16 00:14:06,155 [Worker-19: Building] INFO  o.e.m.c.i.embedder.EclipseLogger - skip non existing resourceDirectory C:\Users\Tariq Naseem\Desktop\Java Lex Projects\Project1_Infy Academy\InfyAcademyDay1_ToTrainee\src\test\resources
2023-11-16 00:14:17,466 [Worker-24: Building] WARN  o.e.m.c.i.embedder.EclipseLogger - Using platform encoding (Cp1252 actually) to copy filtered resources, i.e. build is platform dependent!
2023-11-16 00:14:17,467 [Worker-24: Building] INFO  o.e.m.c.i.embedder.EclipseLogger - skip non existing resourceDirectory C:\Users\Tariq Naseem\Desktop\Java Lex Projects\Project1_Infy Academy\InfyAcademyDay1_ToTrainee\src\main\resources
2023-11-16 00:14:17,468 [Worker-24: Building] WARN  o.e.m.c.i.embedder.EclipseLogger - Using platform encoding (Cp1252 actually) to copy filtered resources, i.e. build is platform dependent!
2023-11-16 00:14:17,469 [Worker-24: Building] INFO  o.e.m.c.i.embedder.EclipseLogger - skip non existing resourceDirectory C:\Users\Tariq Naseem\Desktop\Java Lex Projects\Project1_Infy Academy\InfyAcademyDay1_ToTrainee\src\test\resources
2023-11-16 00:14:53,697 [Worker-0: Building] WARN  o.e.m.c.i.embedder.EclipseLogger - Using platform encoding (Cp1252 actually) to copy filtered resources, i.e. build is platform dependent!
2023-11-16 00:14:53,699 [Worker-0: Building] INFO  o.e.m.c.i.embedder.EclipseLogger - skip non existing resourceDirectory C:\Users\Tariq Naseem\Desktop\Java Lex Projects\Project1_Infy Academy\InfyAcademyDay1_ToTrainee\src\main\resources
2023-11-16 00:14:53,700 [Worker-0: Building] WARN  o.e.m.c.i.embedder.EclipseLogger - Using platform encoding (Cp1252 actually) to copy filtered resources, i.e. build is platform dependent!
2023-11-16 00:14:53,701 [Worker-0: Building] INFO  o.e.m.c.i.embedder.EclipseLogger - skip non existing resourceDirectory C:\Users\Tariq Naseem\Desktop\Java Lex Projects\Project1_Infy Academy\InfyAcademyDay1_ToTrainee\src\test\resources
2023-11-16 00:15:11,013 [Worker-28: Building] WARN  o.e.m.c.i.embedder.EclipseLogger - Using platform encoding (Cp1252 actually) to copy filtered resources, i.e. build is platform dependent!
2023-11-16 00:15:11,014 [Worker-28: Building] INFO  o.e.m.c.i.embedder.EclipseLogger - skip non existing resourceDirectory C:\Users\Tariq Naseem\Desktop\Java Lex Projects\Project1_Infy Academy\InfyAcademyDay1_ToTrainee\src\main\resources
2023-11-16 00:15:11,015 [Worker-28: Building] WARN  o.e.m.c.i.embedder.EclipseLogger - Using platform encoding (Cp1252 actually) to copy filtered resources, i.e. build is platform dependent!
2023-11-16 00:15:11,016 [Worker-28: Building] INFO  o.e.m.c.i.embedder.EclipseLogger - skip non existing resourceDirectory C:\Users\Tariq Naseem\Desktop\Java Lex Projects\Project1_Infy Academy\InfyAcademyDay1_ToTrainee\src\test\resources
2023-11-16 00:15:31,054 [Worker-24: Building] WARN  o.e.m.c.i.embedder.EclipseLogger - Using platform encoding (Cp1252 actually) to copy filtered resources, i.e. build is platform dependent!
2023-11-16 00:15:31,056 [Worker-24: Building] INFO  o.e.m.c.i.embedder.EclipseLogger - skip non existing resourceDirectory C:\Users\Tariq Naseem\Desktop\Java Lex Projects\Project1_Infy Academy\InfyAcademyDay1_ToTrainee\src\main\resources
2023-11-16 00:15:31,057 [Worker-24: Building] WARN  o.e.m.c.i.embedder.EclipseLogger - Using platform encoding (Cp1252 actually) to copy filtered resources, i.e. build is platform dependent!
2023-11-16 00:15:31,058 [Worker-24: Building] INFO  o.e.m.c.i.embedder.EclipseLogger - skip non existing resourceDirectory C:\Users\Tariq Naseem\Desktop\Java Lex Projects\Project1_Infy Academy\InfyAcademyDay1_ToTrainee\src\test\resources
2023-11-16 00:15:39,510 [Worker-2: Building] WARN  o.e.m.c.i.embedder.EclipseLogger - Using platform encoding (Cp1252 actually) to copy filtered resources, i.e. build is platform dependent!
2023-11-16 00:15:39,511 [Worker-2: Building] INFO  o.e.m.c.i.embedder.EclipseLogger - skip non existing resourceDirectory C:\Users\Tariq Naseem\Desktop\Java Lex Projects\Project1_Infy Academy\InfyAcademyDay1_ToTrainee\src\main\resources
2023-11-16 00:15:39,513 [Worker-2: Building] WARN  o.e.m.c.i.embedder.EclipseLogger - Using platform encoding (Cp1252 actually) to copy filtered resources, i.e. build is platform dependent!
2023-11-16 00:15:39,514 [Worker-2: Building] INFO  o.e.m.c.i.embedder.EclipseLogger - skip non existing resourceDirectory C:\Users\Tariq Naseem\Desktop\Java Lex Projects\Project1_Infy Academy\InfyAcademyDay1_ToTrainee\src\test\resources
2023-11-16 00:16:04,785 [Worker-23: Building] WARN  o.e.m.c.i.embedder.EclipseLogger - Using platform encoding (Cp1252 actually) to copy filtered resources, i.e. build is platform dependent!
2023-11-16 00:16:04,786 [Worker-23: Building] INFO  o.e.m.c.i.embedder.EclipseLogger - skip non existing resourceDirectory C:\Users\Tariq Naseem\Desktop\Java Lex Projects\Project1_Infy Academy\InfyAcademyDay1_ToTrainee\src\main\resources
2023-11-16 00:16:04,788 [Worker-23: Building] WARN  o.e.m.c.i.embedder.EclipseLogger - Using platform encoding (Cp1252 actually) to copy filtered resources, i.e. build is platform dependent!
2023-11-16 00:16:04,788 [Worker-23: Building] INFO  o.e.m.c.i.embedder.EclipseLogger - skip non existing resourceDirectory C:\Users\Tariq Naseem\Desktop\Java Lex Projects\Project1_Infy Academy\InfyAcademyDay1_ToTrainee\src\test\resources
2023-11-16 00:16:31,773 [Worker-16: Building] INFO  o.e.m.c.i.l.LifecycleMappingFactory - Using org.eclipse.m2e.jdt.JarLifecycleMapping lifecycle mapping for MavenProject: com.infy:InfyAcademyDay1_ToTrainee:0.0.1-SNAPSHOT @ C:\Users\Tariq Naseem\Desktop\Java Lex Projects\Project1_Infy Academy\Infy_Academy\pom.xml.
2023-11-16 00:16:31,862 [Worker-16: Building] WARN  o.e.m.c.i.embedder.EclipseLogger - Using platform encoding (Cp1252 actually) to copy filtered resources, i.e. build is platform dependent!
2023-11-16 00:16:31,863 [Worker-16: Building] INFO  o.e.m.c.i.embedder.EclipseLogger - skip non existing resourceDirectory C:\Users\Tariq Naseem\Desktop\Java Lex Projects\Project1_Infy Academy\Infy_Academy\src\main\resources
2023-11-16 00:16:31,864 [Worker-16: Building] WARN  o.e.m.c.i.embedder.EclipseLogger - Using platform encoding (Cp1252 actually) to copy filtered resources, i.e. build is platform dependent!
2023-11-16 00:16:31,865 [Worker-16: Building] INFO  o.e.m.c.i.embedder.EclipseLogger - skip non existing resourceDirectory C:\Users\Tariq Naseem\Desktop\Java Lex Projects\Project1_Infy Academy\Infy_Academy\src\test\resources
2023-11-16 00:16:33,109 [Worker-17: Building] WARN  o.e.m.c.i.embedder.EclipseLogger - Using platform encoding (Cp1252 actually) to copy filtered resources, i.e. build is platform dependent!
2023-11-16 00:16:33,111 [Worker-17: Building] INFO  o.e.m.c.i.embedder.EclipseLogger - skip non existing resourceDirectory C:\Users\Tariq Naseem\Desktop\Java Lex Projects\Project1_Infy Academy\Infy_Academy\src\main\resources
2023-11-16 00:16:33,112 [Worker-17: Building] WARN  o.e.m.c.i.embedder.EclipseLogger - Using platform encoding (Cp1252 actually) to copy filtered resources, i.e. build is platform dependent!
2023-11-16 00:16:33,114 [Worker-17: Building] INFO  o.e.m.c.i.embedder.EclipseLogger - skip non existing resourceDirectory C:\Users\Tariq Naseem\Desktop\Java Lex Projects\Project1_Infy Academy\Infy_Academy\src\test\resources
2023-11-16 00:24:09,648 [Worker-31: Building] WARN  o.e.m.c.i.embedder.EclipseLogger - Using platform encoding (Cp1252 actually) to copy filtered resources, i.e. build is platform dependent!
2023-11-16 00:24:09,650 [Worker-31: Building] INFO  o.e.m.c.i.embedder.EclipseLogger - skip non existing resourceDirectory C:\Users\Tariq Naseem\Desktop\Java Lex Projects\Project1_Infy Academy\Infy_Academy\src\main\resources
2023-11-16 00:24:09,651 [Worker-31: Building] WARN  o.e.m.c.i.embedder.EclipseLogger - Using platform encoding (Cp1252 actually) to copy filtered resources, i.e. build is platform dependent!
2023-11-16 00:24:09,652 [Worker-31: Building] INFO  o.e.m.c.i.embedder.EclipseLogger - skip non existing resourceDirectory C:\Users\Tariq Naseem\Desktop\Java Lex Projects\Project1_Infy Academy\Infy_Academy\src\test\resources
2023-11-16 00:24:52,943 [Worker-32: Building] WARN  o.e.m.c.i.embedder.EclipseLogger - Using platform encoding (Cp1252 actually) to copy filtered resources, i.e. build is platform dependent!
2023-11-16 00:24:52,944 [Worker-32: Building] INFO  o.e.m.c.i.embedder.EclipseLogger - skip non existing resourceDirectory C:\Users\Tariq Naseem\Desktop\Java Lex Projects\Project1_Infy Academy\Infy_Academy\src\main\resources
2023-11-16 00:24:52,945 [Worker-32: Building] WARN  o.e.m.c.i.embedder.EclipseLogger - Using platform encoding (Cp1252 actually) to copy filtered resources, i.e. build is platform dependent!
2023-11-16 00:24:52,946 [Worker-32: Building] INFO  o.e.m.c.i.embedder.EclipseLogger - skip non existing resourceDirectory C:\Users\Tariq Naseem\Desktop\Java Lex Projects\Project1_Infy Academy\Infy_Academy\src\test\resources
2023-11-16 00:25:16,181 [Worker-10: Building] WARN  o.e.m.c.i.embedder.EclipseLogger - Using platform encoding (Cp1252 actually) to copy filtered resources, i.e. build is platform dependent!
2023-11-16 00:25:16,182 [Worker-10: Building] INFO  o.e.m.c.i.embedder.EclipseLogger - skip non existing resourceDirectory C:\Users\Tariq Naseem\Desktop\Java Lex Projects\Project1_Infy Academy\Infy_Academy\src\main\resources
2023-11-16 00:25:16,183 [Worker-10: Building] WARN  o.e.m.c.i.embedder.EclipseLogger - Using platform encoding (Cp1252 actually) to copy filtered resources, i.e. build is platform dependent!
2023-11-16 00:25:16,183 [Worker-10: Building] INFO  o.e.m.c.i.embedder.EclipseLogger - skip non existing resourceDirectory C:\Users\Tariq Naseem\Desktop\Java Lex Projects\Project1_Infy Academy\Infy_Academy\src\test\resources
2023-11-16 00:25:30,377 [Worker-33: Building] WARN  o.e.m.c.i.embedder.EclipseLogger - Using platform encoding (Cp1252 actually) to copy filtered resources, i.e. build is platform dependent!
2023-11-16 00:25:30,378 [Worker-33: Building] INFO  o.e.m.c.i.embedder.EclipseLogger - skip non existing resourceDirectory C:\Users\Tariq Naseem\Desktop\Java Lex Projects\Project1_Infy Academy\Infy_Academy\src\main\resources
2023-11-16 00:25:30,379 [Worker-33: Building] WARN  o.e.m.c.i.embedder.EclipseLogger - Using platform encoding (Cp1252 actually) to copy filtered resources, i.e. build is platform dependent!
2023-11-16 00:25:30,379 [Worker-33: Building] INFO  o.e.m.c.i.embedder.EclipseLogger - skip non existing resourceDirectory C:\Users\Tariq Naseem\Desktop\Java Lex Projects\Project1_Infy Academy\Infy_Academy\src\test\resources
2023-11-16 00:25:40,305 [Worker-32: Building] WARN  o.e.m.c.i.embedder.EclipseLogger - Using platform encoding (Cp1252 actually) to copy filtered resources, i.e. build is platform dependent!
2023-11-16 00:25:40,307 [Worker-32: Building] INFO  o.e.m.c.i.embedder.EclipseLogger - skip non existing resourceDirectory C:\Users\Tariq Naseem\Desktop\Java Lex Projects\Project1_Infy Academy\Infy_Academy\src\main\resources
2023-11-16 00:25:40,308 [Worker-32: Building] WARN  o.e.m.c.i.embedder.EclipseLogger - Using platform encoding (Cp1252 actually) to copy filtered resources, i.e. build is platform dependent!
2023-11-16 00:25:40,309 [Worker-32: Building] INFO  o.e.m.c.i.embedder.EclipseLogger - skip non existing resourceDirectory C:\Users\Tariq Naseem\Desktop\Java Lex Projects\Project1_Infy Academy\Infy_Academy\src\test\resources
2023-11-16 00:25:56,023 [Worker-10: Building] WARN  o.e.m.c.i.embedder.EclipseLogger - Using platform encoding (Cp1252 actually) to copy filtered resources, i.e. build is platform dependent!
2023-11-16 00:25:56,024 [Worker-10: Building] INFO  o.e.m.c.i.embedder.EclipseLogger - skip non existing resourceDirectory C:\Users\Tariq Naseem\Desktop\Java Lex Projects\Project1_Infy Academy\Infy_Academy\src\main\resources
2023-11-16 00:25:56,026 [Worker-10: Building] WARN  o.e.m.c.i.embedder.EclipseLogger - Using platform encoding (Cp1252 actually) to copy filtered resources, i.e. build is platform dependent!
2023-11-16 00:25:56,027 [Worker-10: Building] INFO  o.e.m.c.i.embedder.EclipseLogger - skip non existing resourceDirectory C:\Users\Tariq Naseem\Desktop\Java Lex Projects\Project1_Infy Academy\Infy_Academy\src\test\resources
2023-11-16 00:26:00,000 [Worker-30: Building] WARN  o.e.m.c.i.embedder.EclipseLogger - Using platform encoding (Cp1252 actually) to copy filtered resources, i.e. build is platform dependent!
2023-11-16 00:26:00,001 [Worker-30: Building] INFO  o.e.m.c.i.embedder.EclipseLogger - skip non existing resourceDirectory C:\Users\Tariq Naseem\Desktop\Java Lex Projects\Project1_Infy Academy\Infy_Academy\src\main\resources
2023-11-16 00:26:00,001 [Worker-30: Building] WARN  o.e.m.c.i.embedder.EclipseLogger - Using platform encoding (Cp1252 actually) to copy filtered resources, i.e. build is platform dependent!
2023-11-16 00:26:00,002 [Worker-30: Building] INFO  o.e.m.c.i.embedder.EclipseLogger - skip non existing resourceDirectory C:\Users\Tariq Naseem\Desktop\Java Lex Projects\Project1_Infy Academy\Infy_Academy\src\test\resources
2023-11-16 00:26:30,194 [Worker-32: Building] WARN  o.e.m.c.i.embedder.EclipseLogger - Using platform encoding (Cp1252 actually) to copy filtered resources, i.e. build is platform dependent!
2023-11-16 00:26:30,195 [Worker-32: Building] INFO  o.e.m.c.i.embedder.EclipseLogger - skip non existing resourceDirectory C:\Users\Tariq Naseem\Desktop\Java Lex Projects\Project1_Infy Academy\Infy_Academy\src\main\resources
2023-11-16 00:26:30,196 [Worker-32: Building] WARN  o.e.m.c.i.embedder.EclipseLogger - Using platform encoding (Cp1252 actually) to copy filtered resources, i.e. build is platform dependent!
